<?xml version="1.0" encoding="UTF-8"?>
<!-- Generated by org.testng.reporters.JUnitReportReporter -->
<testsuite hostname="chuntu-PC" failures="0" tests="1" name="com.automation.Bisa.Testd" time="281.573" errors="0" timestamp="20 Jan 2019 12:24:59 GMT" skipped="0">
  <testcase classname="com.automation.Bisa.Testd" name="loginTest" time="281.573"/>
</testsuite> <!-- com.automation.Bisa.Testd -->
